<?xml version="1.0" encoding="UTF-8"?>
<testsuite name="co.corona.runners.AgregarAlCarritoRunner" tests="0" skipped="0" failures="0" errors="0" timestamp="1970-01-01T00:00:00" hostname="DESKTOP-J51RFQ2" time="0.0">
  <properties/>
  <system-out><![CDATA[
?[31mFailed scenarios:?[0m
?[31msrc/test/resources/features/agregarCarrito.feature:6 ?[0m# Producto agregado al carrito con exito

1 Scenarios (?[31m1 failed?[0m)
3 Steps (?[31m1 failed?[0m, ?[36m2 skipped?[0m)
0m1,792s

java.lang.NullPointerException
	at net.serenitybdd.core.pages.PageObject.openPageAtUrl(PageObject.java:902)
	at net.serenitybdd.core.pages.PageObject.open(PageObject.java:803)
	at net.serenitybdd.core.pages.PageObject.open(PageObject.java:791)
	at co.corona.steps.PaginaInicioStep.abrirNavegador(PaginaInicioStep.java:20)
	at co.corona.stepDefinitions.PrincipalStepDefinition.queElUsuarioSeEncuentraEnLaPagina(PrincipalStepDefinition.java:19)
	at ?.Que el usuario se encuentra en la pagina(src/test/resources/features/agregarCarrito.feature:8)

]]></system-out>
  <system-err><![CDATA[[Test worker] INFO net.thucydides.core.steps.ConsoleLoggingListener - 

-------------------------------------------------------------------------------------
     _______. _______ .______       _______ .__   __.  __  .___________.____    ____ 
    /       ||   ____||   _  \     |   ____||  \ |  | |  | |           |\   \  /   / 
   |   (----`|  |__   |  |_)  |    |  |__   |   \|  | |  | `---|  |----` \   \/   /  
    \   \    |   __|  |      /     |   __|  |  . `  | |  |     |  |       \_    _/   
.----)   |   |  |____ |  |\  \----.|  |____ |  |\   | |  |     |  |         |  |     
|_______/    |_______|| _| `._____||_______||__| \__| |__|     |__|         |__|    
                                                                                     
 News and tutorials at http://www.serenity-bdd.info                                  
 Documentation at https://wakaleo.gitbooks.io/the-serenity-book/content/             
 Join the Serenity Community on Rocket Chat at https://serenity-bdd.rocket.chat      
 Serenity BDD Support and Training at http://serenity-bdd.info/#/trainingandsupport  
 Learn Serenity BDD online at http://serenity-dojo.com                               
-------------------------------------------------------------------------------------

[Test worker] INFO net.thucydides.core.steps.ConsoleLoggingListener - Test Suite Started: Agregar producto
[Test worker] INFO net.thucydides.core.steps.ConsoleLoggingListener - Test Suite Started: Login
[Test worker] INFO net.thucydides.core.steps.ConsoleLoggingListener - 
 _____ _____ ____ _____   ____ _____  _    ____ _____ _____ ____  
|_   _| ____/ ___|_   _| / ___|_   _|/ \  |  _ \_   _| ____|  _ \ 
  | | |  _| \___ \ | |   \___ \ | | / _ \ | |_) || | |  _| | | | |
  | | | |___ ___) || |    ___) || |/ ___ \|  _ < | | | |___| |_| |
  |_| |_____|____/ |_|   |____/ |_/_/   \_\_| \_\|_| |_____|____/ 
                                                                  

TEST STARTED: Producto agregado al carrito con exito
-------------------------------------------------------------------(agregarproducto;producto-agregado-al-carrito-con-exito)
]]></system-err>
</testsuite>
